<?xml version="1.0" encoding="UTF-8"?>
<!-- Generated by org.testng.reporters.JUnitReportReporter -->
<testsuite skipped="0" hostname="DESKTOP-TJU3U9O" name="January.NewTest" tests="1" failures="0" timestamp="24 Jan 2020 14:39:24 GMT" time="0.013" errors="0">
  <testcase name="tc1" time="0.013" classname="January.NewTest"/>
</testsuite> <!-- January.NewTest -->
